  Entity.cpp
C:\Users\spong\Documents\CSUY3113\P6\Entity.cpp(11,15): warning C4552: '-': result of expression not used
C:\Users\spong\Documents\CSUY3113\P6\Entity.cpp(270,32): warning C4838: conversion from 'double' to 'float' requires a narrowing conversion
C:\Users\spong\Documents\CSUY3113\P6\Entity.cpp(270,32): warning C4244: 'initializing': conversion from 'double' to 'float', possible loss of data
C:\Users\spong\Documents\CSUY3113\P6\Entity.cpp(270,52): warning C4838: conversion from 'double' to 'float' requires a narrowing conversion
C:\Users\spong\Documents\CSUY3113\P6\Entity.cpp(270,52): warning C4244: 'initializing': conversion from 'double' to 'float', possible loss of data
C:\Users\spong\Documents\CSUY3113\P6\Entity.cpp(270,72): warning C4838: conversion from 'double' to 'float' requires a narrowing conversion
C:\Users\spong\Documents\CSUY3113\P6\Entity.cpp(270,72): warning C4244: 'initializing': conversion from 'double' to 'float', possible loss of data
C:\Users\spong\Documents\CSUY3113\P6\Entity.cpp(270,92): warning C4838: conversion from 'double' to 'float' requires a narrowing conversion
C:\Users\spong\Documents\CSUY3113\P6\Entity.cpp(270,92): warning C4244: 'initializing': conversion from 'double' to 'float', possible loss of data
C:\Users\spong\Documents\CSUY3113\P6\Entity.cpp(270,112): warning C4838: conversion from 'double' to 'float' requires a narrowing conversion
C:\Users\spong\Documents\CSUY3113\P6\Entity.cpp(270,112): warning C4244: 'initializing': conversion from 'double' to 'float', possible loss of data
C:\Users\spong\Documents\CSUY3113\P6\Entity.cpp(270,131): warning C4838: conversion from 'double' to 'float' requires a narrowing conversion
C:\Users\spong\Documents\CSUY3113\P6\Entity.cpp(270,131): warning C4244: 'initializing': conversion from 'double' to 'float', possible loss of data
C:\Users\spong\Documents\CSUY3113\P6\Entity.cpp(270,152): warning C4838: conversion from 'double' to 'float' requires a narrowing conversion
C:\Users\spong\Documents\CSUY3113\P6\Entity.cpp(270,152): warning C4244: 'initializing': conversion from 'double' to 'float', possible loss of data
C:\Users\spong\Documents\CSUY3113\P6\Entity.cpp(270,172): warning C4838: conversion from 'double' to 'float' requires a narrowing conversion
C:\Users\spong\Documents\CSUY3113\P6\Entity.cpp(270,172): warning C4244: 'initializing': conversion from 'double' to 'float', possible loss of data
C:\Users\spong\Documents\CSUY3113\P6\Entity.cpp(270,192): warning C4838: conversion from 'double' to 'float' requires a narrowing conversion
C:\Users\spong\Documents\CSUY3113\P6\Entity.cpp(270,192): warning C4244: 'initializing': conversion from 'double' to 'float', possible loss of data
C:\Users\spong\Documents\CSUY3113\P6\Entity.cpp(270,211): warning C4838: conversion from 'double' to 'float' requires a narrowing conversion
C:\Users\spong\Documents\CSUY3113\P6\Entity.cpp(270,211): warning C4244: 'initializing': conversion from 'double' to 'float', possible loss of data
C:\Users\spong\Documents\CSUY3113\P6\Entity.cpp(270,232): warning C4838: conversion from 'double' to 'float' requires a narrowing conversion
C:\Users\spong\Documents\CSUY3113\P6\Entity.cpp(270,232): warning C4244: 'initializing': conversion from 'double' to 'float', possible loss of data
C:\Users\spong\Documents\CSUY3113\P6\Entity.cpp(270,251): warning C4838: conversion from 'double' to 'float' requires a narrowing conversion
C:\Users\spong\Documents\CSUY3113\P6\Entity.cpp(270,251): warning C4244: 'initializing': conversion from 'double' to 'float', possible loss of data
C:\Users\spong\Documents\CSUY3113\P6\Entity.cpp(297,31): warning C4838: conversion from 'double' to 'float' requires a narrowing conversion
C:\Users\spong\Documents\CSUY3113\P6\Entity.cpp(297,31): warning C4244: 'initializing': conversion from 'double' to 'float', possible loss of data
C:\Users\spong\Documents\CSUY3113\P6\Entity.cpp(297,51): warning C4838: conversion from 'double' to 'float' requires a narrowing conversion
C:\Users\spong\Documents\CSUY3113\P6\Entity.cpp(297,51): warning C4244: 'initializing': conversion from 'double' to 'float', possible loss of data
C:\Users\spong\Documents\CSUY3113\P6\Entity.cpp(297,71): warning C4838: conversion from 'double' to 'float' requires a narrowing conversion
C:\Users\spong\Documents\CSUY3113\P6\Entity.cpp(297,71): warning C4244: 'initializing': conversion from 'double' to 'float', possible loss of data
C:\Users\spong\Documents\CSUY3113\P6\Entity.cpp(297,91): warning C4838: conversion from 'double' to 'float' requires a narrowing conversion
C:\Users\spong\Documents\CSUY3113\P6\Entity.cpp(297,91): warning C4244: 'initializing': conversion from 'double' to 'float', possible loss of data
C:\Users\spong\Documents\CSUY3113\P6\Entity.cpp(297,111): warning C4838: conversion from 'double' to 'float' requires a narrowing conversion
C:\Users\spong\Documents\CSUY3113\P6\Entity.cpp(297,111): warning C4244: 'initializing': conversion from 'double' to 'float', possible loss of data
C:\Users\spong\Documents\CSUY3113\P6\Entity.cpp(297,130): warning C4838: conversion from 'double' to 'float' requires a narrowing conversion
C:\Users\spong\Documents\CSUY3113\P6\Entity.cpp(297,130): warning C4244: 'initializing': conversion from 'double' to 'float', possible loss of data
C:\Users\spong\Documents\CSUY3113\P6\Entity.cpp(297,151): warning C4838: conversion from 'double' to 'float' requires a narrowing conversion
C:\Users\spong\Documents\CSUY3113\P6\Entity.cpp(297,151): warning C4244: 'initializing': conversion from 'double' to 'float', possible loss of data
C:\Users\spong\Documents\CSUY3113\P6\Entity.cpp(297,171): warning C4838: conversion from 'double' to 'float' requires a narrowing conversion
C:\Users\spong\Documents\CSUY3113\P6\Entity.cpp(297,171): warning C4244: 'initializing': conversion from 'double' to 'float', possible loss of data
C:\Users\spong\Documents\CSUY3113\P6\Entity.cpp(297,191): warning C4838: conversion from 'double' to 'float' requires a narrowing conversion
C:\Users\spong\Documents\CSUY3113\P6\Entity.cpp(297,191): warning C4244: 'initializing': conversion from 'double' to 'float', possible loss of data
C:\Users\spong\Documents\CSUY3113\P6\Entity.cpp(297,210): warning C4838: conversion from 'double' to 'float' requires a narrowing conversion
C:\Users\spong\Documents\CSUY3113\P6\Entity.cpp(297,210): warning C4244: 'initializing': conversion from 'double' to 'float', possible loss of data
C:\Users\spong\Documents\CSUY3113\P6\Entity.cpp(297,231): warning C4838: conversion from 'double' to 'float' requires a narrowing conversion
C:\Users\spong\Documents\CSUY3113\P6\Entity.cpp(297,231): warning C4244: 'initializing': conversion from 'double' to 'float', possible loss of data
C:\Users\spong\Documents\CSUY3113\P6\Entity.cpp(297,250): warning C4838: conversion from 'double' to 'float' requires a narrowing conversion
C:\Users\spong\Documents\CSUY3113\P6\Entity.cpp(297,250): warning C4244: 'initializing': conversion from 'double' to 'float', possible loss of data
  Level1.cpp
  Scene.cpp
  main.cpp
  Generating Code...
  SDLProject.vcxproj -> C:\Users\spong\Documents\CSUY3113\P6\Debug\SDLProject.exe
